-------------------------------
Beginning Export of all Source
Version Control.accda
VCS Version 1.2.0.19
Using Fast Save
1/15/2020 3:30:53 PM
-------------------------------
Exporting queries...    
[0]
-------------------------------
Exporting forms...      
[0]
-------------------------------
Exporting reports...    
[0]
-------------------------------
Exporting macros...     
  (Skipping 'autoexec')
[1]
  Removing orphaned file: modDeploy
-------------------------------
Exporting modules...    
  clsConcat
  modTable
  clsModelGitHub
  modMenuHandler
  IVersionControl
  clsModelSVN
  modDataMacro
  clsVbeMenu
  modFunctions
  modADPFunctions
  modFileAccess
  modImportExport
  modProperty
  modReference
  modRelation
  modReport
  modSavedSpecs
  modVersionControl
[18]
-------------------------------
Exporting references... 
  VBA 4.2
  Access 9.0
  stdole 2.0
  DAO 12.0
  ADODB 6.1
  Office 2.8
  VBIDE 5.3
  Scripting 1.0
  VBScript_RegExp_55 5.5
[9]
-------------------------------
Exporting properties... 
[48]
-------------------------------
Exporting specs...      
[0]
-------------------------------
Exporting tbldef...     
[0]
-------------------------------
Exporting relations...  
[0]
-------------------------------
Done. (19.95 seconds)
